<?xml version="1.0" encoding="UTF-8"?>
<testsuite xmlns:xsi="http://www.w3.org/2001/XMLSchema-instance" xsi:noNamespaceSchemaLocation="https://maven.apache.org/surefire/maven-surefire-plugin/xsd/surefire-test-report-3.0.xsd" version="3.0" name="TestSuite" time="100.505" tests="6" errors="0" skipped="0" failures="0">
  <properties>
    <property name="java.specification.version" value="17"/>
    <property name="sun.cpu.isalist" value="amd64"/>
    <property name="sun.jnu.encoding" value="Cp1252"/>
    <property name="java.class.path" value="C:\Users\madhan.adithya\eclipse-workspace\TakeUforward\target\test-classes;C:\Users\madhan.adithya\eclipse-workspace\TakeUforward\target\classes;C:\Users\madhan.adithya\.m2\repository\org\testng\testng\7.10.2\testng-7.10.2.jar;C:\Users\madhan.adithya\.m2\repository\org\slf4j\slf4j-api\1.7.36\slf4j-api-1.7.36.jar;C:\Users\madhan.adithya\.m2\repository\com\beust\jcommander\1.82\jcommander-1.82.jar;C:\Users\madhan.adithya\.m2\repository\org\webjars\jquery\3.7.1\jquery-3.7.1.jar;C:\Users\madhan.adithya\.m2\repository\org\seleniumhq\selenium\selenium-java\4.31.0\selenium-java-4.31.0.jar;C:\Users\madhan.adithya\.m2\repository\org\seleniumhq\selenium\selenium-api\4.31.0\selenium-api-4.31.0.jar;C:\Users\madhan.adithya\.m2\repository\org\jspecify\jspecify\1.0.0\jspecify-1.0.0.jar;C:\Users\madhan.adithya\.m2\repository\org\seleniumhq\selenium\selenium-chrome-driver\4.31.0\selenium-chrome-driver-4.31.0.jar;C:\Users\madhan.adithya\.m2\repository\com\google\auto\service\auto-service-annotations\1.1.1\auto-service-annotations-1.1.1.jar;C:\Users\madhan.adithya\.m2\repository\org\seleniumhq\selenium\selenium-chromium-driver\4.31.0\selenium-chromium-driver-4.31.0.jar;C:\Users\madhan.adithya\.m2\repository\org\seleniumhq\selenium\selenium-json\4.31.0\selenium-json-4.31.0.jar;C:\Users\madhan.adithya\.m2\repository\org\seleniumhq\selenium\selenium-manager\4.31.0\selenium-manager-4.31.0.jar;C:\Users\madhan.adithya\.m2\repository\org\seleniumhq\selenium\selenium-devtools-v133\4.31.0\selenium-devtools-v133-4.31.0.jar;C:\Users\madhan.adithya\.m2\repository\org\seleniumhq\selenium\selenium-devtools-v134\4.31.0\selenium-devtools-v134-4.31.0.jar;C:\Users\madhan.adithya\.m2\repository\org\seleniumhq\selenium\selenium-devtools-v135\4.31.0\selenium-devtools-v135-4.31.0.jar;C:\Users\madhan.adithya\.m2\repository\org\seleniumhq\selenium\selenium-edge-driver\4.31.0\selenium-edge-driver-4.31.0.jar;C:\Users\madhan.adithya\.m2\repository\org\seleniumhq\selenium\selenium-firefox-driver\4.31.0\selenium-firefox-driver-4.31.0.jar;C:\Users\madhan.adithya\.m2\repository\org\seleniumhq\selenium\selenium-http\4.31.0\selenium-http-4.31.0.jar;C:\Users\madhan.adithya\.m2\repository\org\seleniumhq\selenium\selenium-ie-driver\4.31.0\selenium-ie-driver-4.31.0.jar;C:\Users\madhan.adithya\.m2\repository\org\seleniumhq\selenium\selenium-remote-driver\4.31.0\selenium-remote-driver-4.31.0.jar;C:\Users\madhan.adithya\.m2\repository\com\google\guava\guava\33.4.6-jre\guava-33.4.6-jre.jar;C:\Users\madhan.adithya\.m2\repository\com\google\guava\failureaccess\1.0.3\failureaccess-1.0.3.jar;C:\Users\madhan.adithya\.m2\repository\com\google\guava\listenablefuture\9999.0-empty-to-avoid-conflict-with-guava\listenablefuture-9999.0-empty-to-avoid-conflict-with-guava.jar;C:\Users\madhan.adithya\.m2\repository\com\google\errorprone\error_prone_annotations\2.36.0\error_prone_annotations-2.36.0.jar;C:\Users\madhan.adithya\.m2\repository\com\google\j2objc\j2objc-annotations\3.0.0\j2objc-annotations-3.0.0.jar;C:\Users\madhan.adithya\.m2\repository\io\opentelemetry\opentelemetry-api\1.48.0\opentelemetry-api-1.48.0.jar;C:\Users\madhan.adithya\.m2\repository\io\opentelemetry\opentelemetry-context\1.48.0\opentelemetry-context-1.48.0.jar;C:\Users\madhan.adithya\.m2\repository\io\opentelemetry\opentelemetry-exporter-logging\1.48.0\opentelemetry-exporter-logging-1.48.0.jar;C:\Users\madhan.adithya\.m2\repository\io\opentelemetry\opentelemetry-sdk-common\1.48.0\opentelemetry-sdk-common-1.48.0.jar;C:\Users\madhan.adithya\.m2\repository\io\opentelemetry\opentelemetry-sdk-extension-autoconfigure-spi\1.48.0\opentelemetry-sdk-extension-autoconfigure-spi-1.48.0.jar;C:\Users\madhan.adithya\.m2\repository\io\opentelemetry\opentelemetry-sdk-extension-autoconfigure\1.48.0\opentelemetry-sdk-extension-autoconfigure-1.48.0.jar;C:\Users\madhan.adithya\.m2\repository\io\opentelemetry\opentelemetry-sdk-trace\1.48.0\opentelemetry-sdk-trace-1.48.0.jar;C:\Users\madhan.adithya\.m2\repository\io\opentelemetry\opentelemetry-sdk\1.48.0\opentelemetry-sdk-1.48.0.jar;C:\Users\madhan.adithya\.m2\repository\io\opentelemetry\opentelemetry-sdk-metrics\1.48.0\opentelemetry-sdk-metrics-1.48.0.jar;C:\Users\madhan.adithya\.m2\repository\io\opentelemetry\opentelemetry-sdk-logs\1.48.0\opentelemetry-sdk-logs-1.48.0.jar;C:\Users\madhan.adithya\.m2\repository\net\bytebuddy\byte-buddy\1.17.5\byte-buddy-1.17.5.jar;C:\Users\madhan.adithya\.m2\repository\org\seleniumhq\selenium\selenium-os\4.31.0\selenium-os-4.31.0.jar;C:\Users\madhan.adithya\.m2\repository\org\apache\commons\commons-exec\1.4.0\commons-exec-1.4.0.jar;C:\Users\madhan.adithya\.m2\repository\org\seleniumhq\selenium\selenium-safari-driver\4.31.0\selenium-safari-driver-4.31.0.jar;C:\Users\madhan.adithya\.m2\repository\org\seleniumhq\selenium\selenium-support\4.31.0\selenium-support-4.31.0.jar;C:\Users\madhan.adithya\.m2\repository\log4j\log4j\1.2.17\log4j-1.2.17.jar;C:\Users\madhan.adithya\.m2\repository\org\apache\poi\poi\5.3.0\poi-5.3.0.jar;C:\Users\madhan.adithya\.m2\repository\commons-codec\commons-codec\1.17.0\commons-codec-1.17.0.jar;C:\Users\madhan.adithya\.m2\repository\org\apache\commons\commons-collections4\4.4\commons-collections4-4.4.jar;C:\Users\madhan.adithya\.m2\repository\org\apache\commons\commons-math3\3.6.1\commons-math3-3.6.1.jar;C:\Users\madhan.adithya\.m2\repository\commons-io\commons-io\2.16.1\commons-io-2.16.1.jar;C:\Users\madhan.adithya\.m2\repository\com\zaxxer\SparseBitSet\1.3\SparseBitSet-1.3.jar;C:\Users\madhan.adithya\.m2\repository\org\apache\logging\log4j\log4j-api\2.23.1\log4j-api-2.23.1.jar;C:\Users\madhan.adithya\.m2\repository\org\apache\poi\poi-ooxml\5.3.0\poi-ooxml-5.3.0.jar;C:\Users\madhan.adithya\.m2\repository\org\apache\poi\poi-ooxml-lite\5.3.0\poi-ooxml-lite-5.3.0.jar;C:\Users\madhan.adithya\.m2\repository\org\apache\xmlbeans\xmlbeans\5.2.1\xmlbeans-5.2.1.jar;C:\Users\madhan.adithya\.m2\repository\org\apache\commons\commons-compress\1.26.2\commons-compress-1.26.2.jar;C:\Users\madhan.adithya\.m2\repository\org\apache\commons\commons-lang3\3.14.0\commons-lang3-3.14.0.jar;C:\Users\madhan.adithya\.m2\repository\com\github\virtuald\curvesapi\1.08\curvesapi-1.08.jar;C:\Users\madhan.adithya\.m2\repository\org\slf4j\slf4j-simple\2.0.9\slf4j-simple-2.0.9.jar;C:\Users\madhan.adithya\.m2\repository\com\aventstack\extentreports\5.1.1\extentreports-5.1.1.jar;C:\Users\madhan.adithya\.m2\repository\io\reactivex\rxjava3\rxjava\3.1.6\rxjava-3.1.6.jar;C:\Users\madhan.adithya\.m2\repository\org\reactivestreams\reactive-streams\1.0.4\reactive-streams-1.0.4.jar;C:\Users\madhan.adithya\.m2\repository\org\freemarker\freemarker\2.3.32\freemarker-2.3.32.jar;C:\Users\madhan.adithya\.m2\repository\org\projectlombok\lombok\1.18.26\lombok-1.18.26.jar;C:\Users\madhan.adithya\.m2\repository\com\google\code\gson\gson\2.10.1\gson-2.10.1.jar;"/>
    <property name="java.vm.vendor" value="OpenLogic"/>
    <property name="sun.arch.data.model" value="64"/>
    <property name="user.variant" value=""/>
    <property name="java.vendor.url" value="https://openlogic.com/"/>
    <property name="user.timezone" value="Asia/Calcutta"/>
    <property name="os.name" value="Windows 11"/>
    <property name="java.vm.specification.version" value="17"/>
    <property name="sun.java.launcher" value="SUN_STANDARD"/>
    <property name="user.country" value="US"/>
    <property name="sun.boot.library.path" value="C:\Users\madhan.adithya\Downloads\JDK17\JAVA17\bin"/>
    <property name="sun.java.command" value="C:\Users\madhan.adithya\AppData\Local\Temp\surefire12686308525779728992\surefirebooter-20250526022451495_3.jar C:\Users\madhan.adithya\AppData\Local\Temp\surefire12686308525779728992 2025-05-26T02-24-51_004-jvmRun1 surefire-20250526022451495_1tmp surefire_0-20250526022451495_2tmp"/>
    <property name="jdk.debug" value="release"/>
    <property name="surefire.test.class.path" value="C:\Users\madhan.adithya\eclipse-workspace\TakeUforward\target\test-classes;C:\Users\madhan.adithya\eclipse-workspace\TakeUforward\target\classes;C:\Users\madhan.adithya\.m2\repository\org\testng\testng\7.10.2\testng-7.10.2.jar;C:\Users\madhan.adithya\.m2\repository\org\slf4j\slf4j-api\1.7.36\slf4j-api-1.7.36.jar;C:\Users\madhan.adithya\.m2\repository\com\beust\jcommander\1.82\jcommander-1.82.jar;C:\Users\madhan.adithya\.m2\repository\org\webjars\jquery\3.7.1\jquery-3.7.1.jar;C:\Users\madhan.adithya\.m2\repository\org\seleniumhq\selenium\selenium-java\4.31.0\selenium-java-4.31.0.jar;C:\Users\madhan.adithya\.m2\repository\org\seleniumhq\selenium\selenium-api\4.31.0\selenium-api-4.31.0.jar;C:\Users\madhan.adithya\.m2\repository\org\jspecify\jspecify\1.0.0\jspecify-1.0.0.jar;C:\Users\madhan.adithya\.m2\repository\org\seleniumhq\selenium\selenium-chrome-driver\4.31.0\selenium-chrome-driver-4.31.0.jar;C:\Users\madhan.adithya\.m2\repository\com\google\auto\service\auto-service-annotations\1.1.1\auto-service-annotations-1.1.1.jar;C:\Users\madhan.adithya\.m2\repository\org\seleniumhq\selenium\selenium-chromium-driver\4.31.0\selenium-chromium-driver-4.31.0.jar;C:\Users\madhan.adithya\.m2\repository\org\seleniumhq\selenium\selenium-json\4.31.0\selenium-json-4.31.0.jar;C:\Users\madhan.adithya\.m2\repository\org\seleniumhq\selenium\selenium-manager\4.31.0\selenium-manager-4.31.0.jar;C:\Users\madhan.adithya\.m2\repository\org\seleniumhq\selenium\selenium-devtools-v133\4.31.0\selenium-devtools-v133-4.31.0.jar;C:\Users\madhan.adithya\.m2\repository\org\seleniumhq\selenium\selenium-devtools-v134\4.31.0\selenium-devtools-v134-4.31.0.jar;C:\Users\madhan.adithya\.m2\repository\org\seleniumhq\selenium\selenium-devtools-v135\4.31.0\selenium-devtools-v135-4.31.0.jar;C:\Users\madhan.adithya\.m2\repository\org\seleniumhq\selenium\selenium-edge-driver\4.31.0\selenium-edge-driver-4.31.0.jar;C:\Users\madhan.adithya\.m2\repository\org\seleniumhq\selenium\selenium-firefox-driver\4.31.0\selenium-firefox-driver-4.31.0.jar;C:\Users\madhan.adithya\.m2\repository\org\seleniumhq\selenium\selenium-http\4.31.0\selenium-http-4.31.0.jar;C:\Users\madhan.adithya\.m2\repository\org\seleniumhq\selenium\selenium-ie-driver\4.31.0\selenium-ie-driver-4.31.0.jar;C:\Users\madhan.adithya\.m2\repository\org\seleniumhq\selenium\selenium-remote-driver\4.31.0\selenium-remote-driver-4.31.0.jar;C:\Users\madhan.adithya\.m2\repository\com\google\guava\guava\33.4.6-jre\guava-33.4.6-jre.jar;C:\Users\madhan.adithya\.m2\repository\com\google\guava\failureaccess\1.0.3\failureaccess-1.0.3.jar;C:\Users\madhan.adithya\.m2\repository\com\google\guava\listenablefuture\9999.0-empty-to-avoid-conflict-with-guava\listenablefuture-9999.0-empty-to-avoid-conflict-with-guava.jar;C:\Users\madhan.adithya\.m2\repository\com\google\errorprone\error_prone_annotations\2.36.0\error_prone_annotations-2.36.0.jar;C:\Users\madhan.adithya\.m2\repository\com\google\j2objc\j2objc-annotations\3.0.0\j2objc-annotations-3.0.0.jar;C:\Users\madhan.adithya\.m2\repository\io\opentelemetry\opentelemetry-api\1.48.0\opentelemetry-api-1.48.0.jar;C:\Users\madhan.adithya\.m2\repository\io\opentelemetry\opentelemetry-context\1.48.0\opentelemetry-context-1.48.0.jar;C:\Users\madhan.adithya\.m2\repository\io\opentelemetry\opentelemetry-exporter-logging\1.48.0\opentelemetry-exporter-logging-1.48.0.jar;C:\Users\madhan.adithya\.m2\repository\io\opentelemetry\opentelemetry-sdk-common\1.48.0\opentelemetry-sdk-common-1.48.0.jar;C:\Users\madhan.adithya\.m2\repository\io\opentelemetry\opentelemetry-sdk-extension-autoconfigure-spi\1.48.0\opentelemetry-sdk-extension-autoconfigure-spi-1.48.0.jar;C:\Users\madhan.adithya\.m2\repository\io\opentelemetry\opentelemetry-sdk-extension-autoconfigure\1.48.0\opentelemetry-sdk-extension-autoconfigure-1.48.0.jar;C:\Users\madhan.adithya\.m2\repository\io\opentelemetry\opentelemetry-sdk-trace\1.48.0\opentelemetry-sdk-trace-1.48.0.jar;C:\Users\madhan.adithya\.m2\repository\io\opentelemetry\opentelemetry-sdk\1.48.0\opentelemetry-sdk-1.48.0.jar;C:\Users\madhan.adithya\.m2\repository\io\opentelemetry\opentelemetry-sdk-metrics\1.48.0\opentelemetry-sdk-metrics-1.48.0.jar;C:\Users\madhan.adithya\.m2\repository\io\opentelemetry\opentelemetry-sdk-logs\1.48.0\opentelemetry-sdk-logs-1.48.0.jar;C:\Users\madhan.adithya\.m2\repository\net\bytebuddy\byte-buddy\1.17.5\byte-buddy-1.17.5.jar;C:\Users\madhan.adithya\.m2\repository\org\seleniumhq\selenium\selenium-os\4.31.0\selenium-os-4.31.0.jar;C:\Users\madhan.adithya\.m2\repository\org\apache\commons\commons-exec\1.4.0\commons-exec-1.4.0.jar;C:\Users\madhan.adithya\.m2\repository\org\seleniumhq\selenium\selenium-safari-driver\4.31.0\selenium-safari-driver-4.31.0.jar;C:\Users\madhan.adithya\.m2\repository\org\seleniumhq\selenium\selenium-support\4.31.0\selenium-support-4.31.0.jar;C:\Users\madhan.adithya\.m2\repository\log4j\log4j\1.2.17\log4j-1.2.17.jar;C:\Users\madhan.adithya\.m2\repository\org\apache\poi\poi\5.3.0\poi-5.3.0.jar;C:\Users\madhan.adithya\.m2\repository\commons-codec\commons-codec\1.17.0\commons-codec-1.17.0.jar;C:\Users\madhan.adithya\.m2\repository\org\apache\commons\commons-collections4\4.4\commons-collections4-4.4.jar;C:\Users\madhan.adithya\.m2\repository\org\apache\commons\commons-math3\3.6.1\commons-math3-3.6.1.jar;C:\Users\madhan.adithya\.m2\repository\commons-io\commons-io\2.16.1\commons-io-2.16.1.jar;C:\Users\madhan.adithya\.m2\repository\com\zaxxer\SparseBitSet\1.3\SparseBitSet-1.3.jar;C:\Users\madhan.adithya\.m2\repository\org\apache\logging\log4j\log4j-api\2.23.1\log4j-api-2.23.1.jar;C:\Users\madhan.adithya\.m2\repository\org\apache\poi\poi-ooxml\5.3.0\poi-ooxml-5.3.0.jar;C:\Users\madhan.adithya\.m2\repository\org\apache\poi\poi-ooxml-lite\5.3.0\poi-ooxml-lite-5.3.0.jar;C:\Users\madhan.adithya\.m2\repository\org\apache\xmlbeans\xmlbeans\5.2.1\xmlbeans-5.2.1.jar;C:\Users\madhan.adithya\.m2\repository\org\apache\commons\commons-compress\1.26.2\commons-compress-1.26.2.jar;C:\Users\madhan.adithya\.m2\repository\org\apache\commons\commons-lang3\3.14.0\commons-lang3-3.14.0.jar;C:\Users\madhan.adithya\.m2\repository\com\github\virtuald\curvesapi\1.08\curvesapi-1.08.jar;C:\Users\madhan.adithya\.m2\repository\org\slf4j\slf4j-simple\2.0.9\slf4j-simple-2.0.9.jar;C:\Users\madhan.adithya\.m2\repository\com\aventstack\extentreports\5.1.1\extentreports-5.1.1.jar;C:\Users\madhan.adithya\.m2\repository\io\reactivex\rxjava3\rxjava\3.1.6\rxjava-3.1.6.jar;C:\Users\madhan.adithya\.m2\repository\org\reactivestreams\reactive-streams\1.0.4\reactive-streams-1.0.4.jar;C:\Users\madhan.adithya\.m2\repository\org\freemarker\freemarker\2.3.32\freemarker-2.3.32.jar;C:\Users\madhan.adithya\.m2\repository\org\projectlombok\lombok\1.18.26\lombok-1.18.26.jar;C:\Users\madhan.adithya\.m2\repository\com\google\code\gson\gson\2.10.1\gson-2.10.1.jar;"/>
    <property name="sun.cpu.endian" value="little"/>
    <property name="user.home" value="C:\Users\madhan.adithya"/>
    <property name="user.language" value="en"/>
    <property name="java.specification.vendor" value="Oracle Corporation"/>
    <property name="java.version.date" value="2025-04-15"/>
    <property name="java.home" value="C:\Users\madhan.adithya\Downloads\JDK17\JAVA17"/>
    <property name="file.separator" value="\"/>
    <property name="basedir" value="C:\Users\madhan.adithya\eclipse-workspace\TakeUforward"/>
    <property name="java.vm.compressedOopsMode" value="Zero based"/>
    <property name="line.separator" value="&#10;"/>
    <property name="java.vm.specification.vendor" value="Oracle Corporation"/>
    <property name="java.specification.name" value="Java Platform API Specification"/>
    <property name="surefire.real.class.path" value="C:\Users\madhan.adithya\AppData\Local\Temp\surefire12686308525779728992\surefirebooter-20250526022451495_3.jar"/>
    <property name="user.script" value=""/>
    <property name="sun.management.compiler" value="HotSpot 64-Bit Tiered Compilers"/>
    <property name="java.runtime.version" value="17.0.15+6-adhoc..jdk17u"/>
    <property name="user.name" value="madhan.adithya"/>
    <property name="path.separator" value=";"/>
    <property name="os.version" value="10.0"/>
    <property name="java.runtime.name" value="OpenJDK Runtime Environment"/>
    <property name="file.encoding" value="Cp1252"/>
    <property name="java.vm.name" value="OpenJDK 64-Bit Server VM"/>
    <property name="java.vendor.version" value="OpenLogic-OpenJDK"/>
    <property name="localRepository" value="C:\Users\madhan.adithya\.m2\repository"/>
    <property name="java.vendor.url.bug" value="https://techsupport.roguewave.com/"/>
    <property name="java.io.tmpdir" value="C:\Users\MADHAN~1.ADI\AppData\Local\Temp\"/>
    <property name="java.version" value="17.0.15"/>
    <property name="user.dir" value="C:\Users\madhan.adithya\eclipse-workspace\TakeUforward"/>
    <property name="os.arch" value="amd64"/>
    <property name="java.vm.specification.name" value="Java Virtual Machine Specification"/>
    <property name="sun.os.patch.level" value=""/>
    <property name="native.encoding" value="Cp1252"/>
    <property name="java.library.path" value="C:\Users\madhan.adithya\Downloads\JDK17\JAVA17\bin;C:\Windows\Sun\Java\bin;C:\Windows\system32;C:\Windows;C:\Users\madhan.adithya\Downloads\JDK17\JAVA17\bin;C:\Windows\system32;C:\Windows;C:\Windows\System32\Wbem;C:\Windows\System32\WindowsPowerShell\v1.0\;C:\Windows\System32\OpenSSH\;C:\Program Files\nodejs\;%JAVA_HOME%\bin;C:\Users\madhan.adithya\OneDrive - ascendion\Desktop\HP training\java setup files\JDK8\JAVA8\bin;C:\Users\madhan.adithya\OneDrive - ascendion\Desktop\HP training\java setup files\JDK21\JAVA21\bin;C:\Users\madhan.adithya\OneDrive - ascendion\Desktop\HP training\java setup files\JDK11\JAVA11\bin;C:\Users\madhan.adithya\OneDrive - ascendion\Desktop\HP training\Jmeter setup files\apache-jmeter-5.6.3\apache-jmeter-5.6.3\bin;C:\Users\madhan.adithya\Downloads\apache-maven-3.9.9-bin\apache-maven-3.9.9\bin;C:\Users\madhan.adithya\AppData\Local\Android\Sdk\platform-tools;C:\Users\madhan.adithya\AppData\Local\Android\Sdk\tools\bin;%ANDROID_HOME%\bin;C:\Users\madhan.adithya\AppData\Local\Android\Sdk;C:\Users\madhan.adithya\AppData\Local\Android\Sdk\tools\bin;C:\Users\madhan.adithya\AppData\Local\Android\Sdk\platform-tools;C:\Users\madhan.adithya\AppData\Local\Microsoft\WindowsApps;C:\Users\madhan.adithya\AppData\Roaming\npm;C:\Users\madhan.adithya\AppData\Local\Programs\mongosh\;C:\Users\madhan.adithya\AppData\Local\Programs\Git\cmd;C:\Users\madhan.adithya\AppData\Local\Programs\Microsoft VS Code\bin;C:\Users\madhan.adithya\AppData\Local\JetBrains\IntelliJ IDEA Community Edition 2024.3.5\bin;;C:\Users\madhan.adithya\AppData\Local\GitHubDesktop\bin;."/>
    <property name="java.vm.info" value="mixed mode, sharing"/>
    <property name="java.vendor" value="OpenLogic"/>
    <property name="java.vm.version" value="17.0.15+6-adhoc..jdk17u"/>
    <property name="java.specification.maintenance.version" value="1"/>
    <property name="sun.io.unicode.encoding" value="UnicodeLittle"/>
    <property name="java.class.version" value="61.0"/>
  </properties>
  <testcase name="invalidLoginTest" classname="tests.LoginPageTest" time="6.102">
    <system-out><![CDATA[========launchApp==========
2025-05-26 02:25:12 INFO  LoginPageTest:76 - ===============login with invalid credentials===============
2025-05-25T20:55:12.203474800Z main ERROR Log4j2 could not find a logging implementation. Please add log4j-core to the classpath. Using SimpleLogger to log to the console...
2025-05-26 02:25:13 INFO  LoginPageTest:40 - Opening login page...
2025-05-26 02:25:16 INFO  LoginPageTest:44 - invalid credentials submitted.
2025-05-26 02:25:18 INFO  LoginPageTest:48 - Captured Toast Message: Invalid Password
2025-05-26 02:25:18 INFO  LoginPageTest:63 - As expected test passed!
]]></system-out>
    <system-err><![CDATA[SLF4J: Failed to load class "org.slf4j.impl.StaticLoggerBinder".
SLF4J: Defaulting to no-operation (NOP) logger implementation
SLF4J: See http://www.slf4j.org/codes.html#StaticLoggerBinder for further details.
May 26, 2025 2:25:02 AM org.openqa.selenium.devtools.CdpVersionFinder findNearestMatch
WARNING: Unable to find an exact match for CDP version 136, returning the closest version; found: 135; Please update to a Selenium version that supports CDP version 136
]]></system-err>
  </testcase>
  <testcase name="validLoginTest" classname="tests.LoginPageTest" time="6.785">
    <system-out><![CDATA[2025-05-26 02:25:18 INFO  LoginPageTest:90 - ===============login with valid credentials===============
2025-05-26 02:25:18 INFO  LoginPageTest:40 - Opening login page...
2025-05-26 02:25:20 INFO  LoginPageTest:44 - valid credentials submitted.
2025-05-26 02:25:21 INFO  LoginPageTest:48 - Captured Toast Message: Login Successful
2025-05-26 02:25:25 INFO  LoginPageTest:56 - Captured greeting Message: Hi, CapstoneTestUser01
2025-05-26 02:25:25 INFO  LoginPageTest:59 - Verified greeting message. Login successful!
2025-05-26 02:25:25 INFO  LoginPageTest:63 - As expected test passed!
]]></system-out>
  </testcase>
  <testcase name="editProfileTest" classname="tests.ProfilePageTest" time="18.711">
    <system-out><![CDATA[2025-05-26 02:25:25 INFO  ProfilePageTest:41 - =============== Editing profile details ===============
2025-05-26 02:25:25 INFO  ProfilePageTest:47 - Updating personal data: name, location, college
2025-05-26 02:25:35 INFO  ProfilePageTest:81 - Updating social links: GitHub, LinkedIn, Twitter, Other
2025-05-26 02:25:44 INFO  ProfilePageTest:92 - Profile updated successfully, As expected test passed!!
]]></system-out>
  </testcase>
  <testcase name="verifyProfileLinksTest" classname="tests.ProfilePageTest" time="10.594">
    <system-out><![CDATA[2025-05-26 02:25:44 INFO  ProfilePageTest:114 - =============== Verifying Display Name ===============
2025-05-26 02:25:44 INFO  ProfilePageTest:124 - Name displayed in profile: Madhan Adithya
2025-05-26 02:25:44 INFO  ProfilePageTest:130 - Profile name matches with data used to update!
2025-05-26 02:25:44 INFO  ProfilePageTest:135 - =============== Verifying social links URLs ===============
2025-05-26 02:25:48 INFO  ProfilePageTest:138 - LinkedIn URL opened: https://www.linkedin.com/authwall?trk=gf&trkInfo=AQElKGCf7JIpVgAAAZcJOvQgGJjdCsXJ6-UP3Jx2RvyNU0mUO5edMW4Us4UXa8yLeQU5FZDmbfbFGdKXvX61mOXZD_xFX-48X-tQ194NbJ1_oRHpCKm1axdjA62cew9MEGypkIE=&original_referer=&sessionRedirect=https%3A%2F%2Fwww.linkedin.com%2Fin%2Fmadhanadithya%2F
2025-05-26 02:25:55 INFO  ProfilePageTest:148 - GitHub URL opened: https://github.com/madhanadithya/
2025-05-26 02:25:55 INFO  ProfilePageTest:155 - Social links verified successfully, As expected test passed!
]]></system-out>
  </testcase>
  <testcase name="searchTest" classname="tests.SearchAndFilterTest" time="9.715">
    <system-out><![CDATA[2025-05-26 02:25:55 INFO  SearchAndFilterTest:33 - =============== search and filter feature testing ===============
2025-05-26 02:25:55 INFO  SearchAndFilterTest:34 - Navigating to Striver's DSA sheet
2025-05-26 02:26:01 INFO  SearchAndFilterTest:43 - =============== search test ===============
2025-05-26 02:26:01 INFO  SearchAndFilterTest:49 - Performing search test
2025-05-26 02:26:11 INFO  SearchAndFilterTest:66 - Search test completed successfully, As expected test passed!
]]></system-out>
  </testcase>
  <testcase name="filterTest" classname="tests.SearchAndFilterTest" time="6.38">
    <system-out><![CDATA[2025-05-26 02:26:11 INFO  SearchAndFilterTest:80 - =============== filter test ===============
2025-05-26 02:26:11 INFO  SearchAndFilterTest:100 - Applying difficulty filter
2025-05-26 02:26:17 INFO  SearchAndFilterTest:106 - Filter result: Hard
2025-05-26 02:26:17 INFO  SearchAndFilterTest:110 - Filter test passed, As expected test passed!
]]></system-out>
  </testcase>
</testsuite>