<?xml version="1.0" encoding="UTF-8"?>
<!-- Generated by org.testng.reporters.JUnitReportReporter -->
<testsuite hostname="ASCINLAP60828" failures="0" tests="2" name="tests.LoginPageTest" time="17.805" errors="0" timestamp="2025-05-24T02:35:56 IST" skipped="0">
  <testcase classname="tests.LoginPageTest" name="invalidLoginTest" time="7.404"/>
  <testcase classname="tests.LoginPageTest" name="validLoginTest" time="10.401"/>
</testsuite> <!-- tests.LoginPageTest -->
