<?xml version="1.0" encoding="UTF-8"?>
<!-- Generated by org.testng.reporters.JUnitReportReporter -->
<testsuite hostname="ASCINLAP60828" failures="0" tests="2" name="tests.ProfilePageTest" time="33.843" errors="0" timestamp="2025-05-24T02:35:56 IST" skipped="0">
  <testcase classname="tests.ProfilePageTest" name="editProfileTest" time="22.147"/>
  <testcase classname="tests.ProfilePageTest" name="verifyProfileLinksTest" time="11.696"/>
</testsuite> <!-- tests.ProfilePageTest -->
