<?xml version="1.0" encoding="UTF-8"?>
<!-- Generated by org.testng.reporters.JUnitReportReporter -->
<testsuite hostname="ASCINLAP60828" failures="0" tests="2" name="tests.LoginPageTest" time="14.006" errors="0" timestamp="2025-05-26T01:39:43 IST" skipped="0">
  <testcase classname="tests.LoginPageTest" name="invalidLoginTest" time="7.127"/>
  <testcase classname="tests.LoginPageTest" name="validLoginTest" time="6.879"/>
</testsuite> <!-- tests.LoginPageTest -->
