<?xml version="1.0" encoding="UTF-8"?>
<!-- Generated by org.testng.reporters.JUnitReportReporter -->
<testsuite hostname="ASCINLAP60828" failures="0" tests="2" name="tests.ProfilePageTest" time="36.883" errors="0" timestamp="2025-05-26T01:39:43 IST" skipped="0">
  <testcase classname="tests.ProfilePageTest" name="editProfileTest" time="19.761"/>
  <testcase classname="tests.ProfilePageTest" name="verifyProfileLinksTest" time="17.122"/>
</testsuite> <!-- tests.ProfilePageTest -->
