<?xml version="1.0" encoding="UTF-8"?>
<!-- Generated by org.testng.reporters.JUnitReportReporter -->
<testsuite hostname="ASCINLAP60828" failures="0" tests="2" name="tests.SearchAndFilterTest" time="16.197" errors="0" timestamp="2025-05-26T02:26:33 IST" skipped="0">
  <testcase classname="tests.SearchAndFilterTest" name="searchTest" time="9.752"/>
  <testcase classname="tests.SearchAndFilterTest" name="filterTest" time="6.445"/>
</testsuite> <!-- tests.SearchAndFilterTest -->
