<?xml version="1.0" encoding="UTF-8"?>
<!-- Generated by org.testng.reporters.JUnitReportReporter -->
<testsuite hostname="ASCINLAP60828" failures="0" tests="2" name="tests.LoginPageTest" time="13.589" errors="0" timestamp="2025-05-26T02:26:33 IST" skipped="0">
  <testcase classname="tests.LoginPageTest" name="invalidLoginTest" time="6.690"/>
  <testcase classname="tests.LoginPageTest" name="validLoginTest" time="6.899"/>
</testsuite> <!-- tests.LoginPageTest -->
