<?xml version="1.0" encoding="UTF-8"?>
<!-- Generated by org.testng.reporters.JUnitReportReporter -->
<testsuite hostname="ASCINLAP60828" failures="0" tests="2" name="tests.ProfilePageTest" time="29.655" errors="0" timestamp="2025-05-26T02:26:33 IST" skipped="0">
  <testcase classname="tests.ProfilePageTest" name="editProfileTest" time="18.812"/>
  <testcase classname="tests.ProfilePageTest" name="verifyProfileLinksTest" time="10.843"/>
</testsuite> <!-- tests.ProfilePageTest -->
